#
# There is insufficient memory for the Java Runtime Environment to continue.
# Native memory allocation (malloc) failed to allocate 1565616 bytes for Chunk::new
# Possible reasons:
#   The system is out of physical RAM or swap space
#   In 32 bit mode, the process size limit was hit
# Possible solutions:
#   Reduce memory load on the system
#   Increase physical memory or swap space
#   Check if swap backing store is full
#   Use 64 bit Java on a 64 bit OS
#   Decrease Java heap size (-Xmx/-Xms)
#   Decrease number of Java threads
#   Decrease Java thread stack sizes (-Xss)
#   Set larger code cache with -XX:ReservedCodeCacheSize=
# This output file may be truncated or incomplete.
#
#  Out of Memory Error (allocation.cpp:390), pid=5060, tid=0x00000000000006f4
#
# JRE version: Java(TM) SE Runtime Environment (8.0_151-b12) (build 1.8.0_151-b12)
# Java VM: Java HotSpot(TM) 64-Bit Server VM (25.151-b12 mixed mode windows-amd64 compressed oops)
# Failed to write core dump. Minidumps are not enabled by default on client versions of Windows
#

---------------  T H R E A D  ---------------

Current thread (0x000000001791a800):  JavaThread "C2 CompilerThread1" daemon [_thread_in_native, id=1780, stack(0x0000000019340000,0x0000000019440000)]

Stack: [0x0000000019340000,0x0000000019440000]
[error occurred during error reporting (printing stack bounds), id 0xc0000005]

Native frames: (J=compiled Java code, j=interpreted, Vv=VM code, C=native code)


Current CompileTask:
C2:  21881 4124   !   4       org.springframework.core.annotation.AnnotationUtils::isInterfaceWithAnnotatedMethods (99 bytes)


---------------  P R O C E S S  ---------------

Java Threads: ( => current thread )
  0x0000000019eed000 JavaThread "container-0" [_thread_blocked, id=14292, stack(0x0000000021040000,0x0000000021140000)]
  0x0000000019d95000 JavaThread "ContainerBackgroundProcessor[StandardEngine[Tomcat]]" daemon [_thread_blocked, id=15804, stack(0x0000000020f40000,0x0000000021040000)]
  0x000000001ae1a000 JavaThread "AsyncReporter(org.springframework.cloud.sleuth.zipkin.RestTemplateSender@5d557e70)" daemon [_thread_blocked, id=6892, stack(0x0000000020e40000,0x0000000020f40000)]
  0x000000001bf71800 JavaThread "localhost-startStop-1" daemon [_thread_blocked, id=8112, stack(0x0000000020d40000,0x0000000020e40000)]
  0x000000001a637800 JavaThread "Tomcat-startStop-1" daemon [_thread_blocked, id=3992, stack(0x000000001f420000,0x000000001f520000)]
  0x0000000019a89000 JavaThread "logback-appender-LOGSTASH-172.28.243.225:9250-2" daemon [_thread_blocked, id=6436, stack(0x000000001d180000,0x000000001d280000)]
  0x0000000019df8800 JavaThread "logback-appender-LOGSTASH-172.28.243.225:9250-2" daemon [_thread_blocked, id=13320, stack(0x000000001b5b0000,0x000000001b6b0000)]
  0x000000001794d800 JavaThread "Service Thread" daemon [_thread_blocked, id=7912, stack(0x0000000019540000,0x0000000019640000)]
  0x0000000017920800 JavaThread "C1 CompilerThread2" daemon [_thread_blocked, id=10284, stack(0x0000000019440000,0x0000000019540000)]
=>0x000000001791a800 JavaThread "C2 CompilerThread1" daemon [_thread_in_native, id=1780, stack(0x0000000019340000,0x0000000019440000)]
  0x0000000017916000 JavaThread "C2 CompilerThread0" daemon [_thread_blocked, id=15504, stack(0x0000000019240000,0x0000000019340000)]
  0x0000000017915000 JavaThread "Attach Listener" daemon [_thread_blocked, id=11000, stack(0x0000000019140000,0x0000000019240000)]
  0x0000000017903000 JavaThread "Signal Dispatcher" daemon [_thread_blocked, id=14924, stack(0x0000000019040000,0x0000000019140000)]
  0x00000000178e0800 JavaThread "Finalizer" daemon [_thread_blocked, id=12324, stack(0x0000000018b40000,0x0000000018c40000)]
  0x0000000005376000 JavaThread "Reference Handler" daemon [_thread_blocked, id=8880, stack(0x0000000018a40000,0x0000000018b40000)]
  0x0000000005285800 JavaThread "main" [_thread_in_native, id=15820, stack(0x0000000005180000,0x0000000005280000)]

Other Threads:
  0x00000000178b6800 VMThread [stack: 0x0000000018940000,0x0000000018a40000] [id=3260]
  0x0000000018d63800 WatcherThread [stack: 0x0000000019640000,0x0000000019740000] [id=8076]

VM state:not at safepoint (normal execution)

VM Mutex/Monitor currently owned by a thread: None

Heap:
 PSYoungGen      total 125952K, used 26176K [0x00000000eb700000, 0x00000000f3b80000, 0x0000000100000000)
  eden space 116224K, 14% used [0x00000000eb700000,0x00000000ec768878,0x00000000f2880000)
  from space 9728K, 96% used [0x00000000f2880000,0x00000000f31a7b58,0x00000000f3200000)
  to   space 9216K, 0% used [0x00000000f3280000,0x00000000f3280000,0x00000000f3b80000)
 ParOldGen       total 33280K, used 25851K [0x00000000c2400000, 0x00000000c4480000, 0x00000000eb700000)
  object space 33280K, 77% used [0x00000000c2400000,0x00000000c3d3ee08,0x00000000c4480000)
 Metaspace       used 34554K, capacity 34934K, committed 35072K, reserved 1079296K
  class space    used 4241K, capacity 4332K, committed 4352K, reserved 1048576K

Card table byte_map: [0x0000000014740000,0x0000000014930000] byte_map_base: 0x000000001412e000

Marking Bits: (ParMarkBitMap*) 0x000000006b5ed850
 Begin Bits: [0x0000000014e80000, 0x0000000015df0000)
 End Bits:   [0x0000000015df0000, 0x0000000016d60000)

Polling page: 0x00000000031e0000

CodeCache: size=245760Kb used=14118Kb max_used=14138Kb free=231641Kb
 bounds [0x0000000005380000, 0x0000000006180000, 0x0000000014380000]
 total_blobs=4051 nmethods=3609 adapters=354
 compilation: enabled

Compilation events (10 events):
Event: 21.563 Thread 0x0000000017920800 nmethod 4233 0x0000000005649ad0 code [0x0000000005649d60, 0x000000000564aef8]
Event: 21.609 Thread 0x0000000017916000 nmethod 4232 0x0000000006130210 code [0x0000000006130400, 0x0000000006132348]
Event: 21.614 Thread 0x0000000017920800 4234       3       java.nio.ByteBuffer::arrayOffset (35 bytes)
Event: 21.614 Thread 0x0000000017920800 nmethod 4234 0x0000000005a0d8d0 code [0x0000000005a0da60, 0x0000000005a0dd78]
Event: 21.626 Thread 0x0000000017916000 4235       4       java.util.AbstractList$Itr::<init> (31 bytes)
Event: 21.626 Thread 0x0000000017916000 nmethod 4235 0x00000000059858d0 code [0x0000000005985a00, 0x0000000005985a98]
Event: 21.633 Thread 0x0000000017916000 4236       4       org.aspectj.apache.bcel.classfile.ClassParser::readFields (65 bytes)
Event: 21.642 Thread 0x0000000017916000 nmethod 4236 0x0000000005634610 code [0x00000000056347c0, 0x0000000005634e50]
Event: 21.642 Thread 0x0000000017916000 4237       4       org.springframework.core.annotation.AnnotationUtils::findAnnotation (87 bytes)
Event: 21.737 Thread 0x0000000017916000 nmethod 4237 0x0000000006169290 code [0x0000000006169760, 0x000000000616b9e8]

GC Heap History (10 events):
Event: 11.284 GC heap before
{Heap before GC invocations=12 (full 1):
 PSYoungGen      total 74752K, used 74314K [0x00000000eb700000, 0x00000000f0f00000, 0x0000000100000000)
  eden space 68608K, 100% used [0x00000000eb700000,0x00000000efa00000,0x00000000efa00000)
  from space 6144K, 92% used [0x00000000f0080000,0x00000000f0612868,0x00000000f0680000)
  to   space 6656K, 0% used [0x00000000efa00000,0x00000000efa00000,0x00000000f0080000)
 ParOldGen       total 33280K, used 8216K [0x00000000c2400000, 0x00000000c4480000, 0x00000000eb700000)
  object space 33280K, 24% used [0x00000000c2400000,0x00000000c2c061e8,0x00000000c4480000)
 Metaspace       used 29053K, capacity 29408K, committed 29696K, reserved 1075200K
  class space    used 3597K, capacity 3715K, committed 3840K, reserved 1048576K
Event: 11.322 GC heap after
Heap after GC invocations=12 (full 1):
 PSYoungGen      total 75264K, used 4943K [0x00000000eb700000, 0x00000000f1d80000, 0x0000000100000000)
  eden space 68608K, 0% used [0x00000000eb700000,0x00000000eb700000,0x00000000efa00000)
  from space 6656K, 74% used [0x00000000efa00000,0x00000000efed3f10,0x00000000f0080000)
  to   space 6656K, 0% used [0x00000000f1700000,0x00000000f1700000,0x00000000f1d80000)
 ParOldGen       total 33280K, used 11516K [0x00000000c2400000, 0x00000000c4480000, 0x00000000eb700000)
  object space 33280K, 34% used [0x00000000c2400000,0x00000000c2f3f348,0x00000000c4480000)
 Metaspace       used 29053K, capacity 29408K, committed 29696K, reserved 1075200K
  class space    used 3597K, capacity 3715K, committed 3840K, reserved 1048576K
}
Event: 12.795 GC heap before
{Heap before GC invocations=13 (full 1):
 PSYoungGen      total 75264K, used 73551K [0x00000000eb700000, 0x00000000f1d80000, 0x0000000100000000)
  eden space 68608K, 100% used [0x00000000eb700000,0x00000000efa00000,0x00000000efa00000)
  from space 6656K, 74% used [0x00000000efa00000,0x00000000efed3f10,0x00000000f0080000)
  to   space 6656K, 0% used [0x00000000f1700000,0x00000000f1700000,0x00000000f1d80000)
 ParOldGen       total 33280K, used 11516K [0x00000000c2400000, 0x00000000c4480000, 0x00000000eb700000)
  object space 33280K, 34% used [0x00000000c2400000,0x00000000c2f3f348,0x00000000c4480000)
 Metaspace       used 30325K, capacity 30706K, committed 31104K, reserved 1077248K
  class space    used 3728K, capacity 3846K, committed 3968K, reserved 1048576K
Event: 12.806 GC heap after
Heap after GC invocations=13 (full 1):
 PSYoungGen      total 95232K, used 3963K [0x00000000eb700000, 0x00000000f1c00000, 0x0000000100000000)
  eden space 90112K, 0% used [0x00000000eb700000,0x00000000eb700000,0x00000000f0f00000)
  from space 5120K, 77% used [0x00000000f1700000,0x00000000f1adec50,0x00000000f1c00000)
  to   space 6656K, 0% used [0x00000000f0f00000,0x00000000f0f00000,0x00000000f1580000)
 ParOldGen       total 33280K, used 13816K [0x00000000c2400000, 0x00000000c4480000, 0x00000000eb700000)
  object space 33280K, 41% used [0x00000000c2400000,0x00000000c317e398,0x00000000c4480000)
 Metaspace       used 30325K, capacity 30706K, committed 31104K, reserved 1077248K
  class space    used 3728K, capacity 3846K, committed 3968K, reserved 1048576K
}
Event: 16.043 GC heap before
{Heap before GC invocations=14 (full 1):
 PSYoungGen      total 95232K, used 94075K [0x00000000eb700000, 0x00000000f1c00000, 0x0000000100000000)
  eden space 90112K, 100% used [0x00000000eb700000,0x00000000f0f00000,0x00000000f0f00000)
  from space 5120K, 77% used [0x00000000f1700000,0x00000000f1adec50,0x00000000f1c00000)
  to   space 6656K, 0% used [0x00000000f0f00000,0x00000000f0f00000,0x00000000f1580000)
 ParOldGen       total 33280K, used 13816K [0x00000000c2400000, 0x00000000c4480000, 0x00000000eb700000)
  object space 33280K, 41% used [0x00000000c2400000,0x00000000c317e398,0x00000000c4480000)
 Metaspace       used 33277K, capacity 33650K, committed 33920K, reserved 1079296K
  class space    used 4085K, capacity 4166K, committed 4224K, reserved 1048576K
Event: 16.077 GC heap after
Heap after GC invocations=14 (full 1):
 PSYoungGen      total 96768K, used 6655K [0x00000000eb700000, 0x00000000f3b80000, 0x0000000100000000)
  eden space 90112K, 0% used [0x00000000eb700000,0x00000000eb700000,0x00000000f0f00000)
  from space 6656K, 99% used [0x00000000f0f00000,0x00000000f157fc88,0x00000000f1580000)
  to   space 9216K, 0% used [0x00000000f3280000,0x00000000f3280000,0x00000000f3b80000)
 ParOldGen       total 33280K, used 19923K [0x00000000c2400000, 0x00000000c4480000, 0x00000000eb700000)
  object space 33280K, 59% used [0x00000000c2400000,0x00000000c3774f08,0x00000000c4480000)
 Metaspace       used 33277K, capacity 33650K, committed 33920K, reserved 1079296K
  class space    used 4085K, capacity 4166K, committed 4224K, reserved 1048576K
}
Event: 17.925 GC heap before
{Heap before GC invocations=15 (full 1):
 PSYoungGen      total 96768K, used 96767K [0x00000000eb700000, 0x00000000f3b80000, 0x0000000100000000)
  eden space 90112K, 100% used [0x00000000eb700000,0x00000000f0f00000,0x00000000f0f00000)
  from space 6656K, 99% used [0x00000000f0f00000,0x00000000f157fc88,0x00000000f1580000)
  to   space 9216K, 0% used [0x00000000f3280000,0x00000000f3280000,0x00000000f3b80000)
 ParOldGen       total 33280K, used 19923K [0x00000000c2400000, 0x00000000c4480000, 0x00000000eb700000)
  object space 33280K, 59% used [0x00000000c2400000,0x00000000c3774f08,0x00000000c4480000)
 Metaspace       used 33602K, capacity 33988K, committed 34304K, reserved 1079296K
  class space    used 4126K, capacity 4233K, committed 4352K, reserved 1048576K
Event: 17.942 GC heap after
Heap after GC invocations=15 (full 1):
 PSYoungGen      total 125440K, used 7133K [0x00000000eb700000, 0x00000000f3b80000, 0x0000000100000000)
  eden space 116224K, 0% used [0x00000000eb700000,0x00000000eb700000,0x00000000f2880000)
  from space 9216K, 77% used [0x00000000f3280000,0x00000000f39774f0,0x00000000f3b80000)
  to   space 9728K, 0% used [0x00000000f2880000,0x00000000f2880000,0x00000000f3200000)
 ParOldGen       total 33280K, used 24903K [0x00000000c2400000, 0x00000000c4480000, 0x00000000eb700000)
  object space 33280K, 74% used [0x00000000c2400000,0x00000000c3c51df8,0x00000000c4480000)
 Metaspace       used 33602K, capacity 33988K, committed 34304K, reserved 1079296K
  class space    used 4126K, capacity 4233K, committed 4352K, reserved 1048576K
}
Event: 21.065 GC heap before
{Heap before GC invocations=16 (full 1):
 PSYoungGen      total 125440K, used 123357K [0x00000000eb700000, 0x00000000f3b80000, 0x0000000100000000)
  eden space 116224K, 100% used [0x00000000eb700000,0x00000000f2880000,0x00000000f2880000)
  from space 9216K, 77% used [0x00000000f3280000,0x00000000f39774f0,0x00000000f3b80000)
  to   space 9728K, 0% used [0x00000000f2880000,0x00000000f2880000,0x00000000f3200000)
 ParOldGen       total 33280K, used 24903K [0x00000000c2400000, 0x00000000c4480000, 0x00000000eb700000)
  object space 33280K, 74% used [0x00000000c2400000,0x00000000c3c51df8,0x00000000c4480000)
 Metaspace       used 34389K, capacity 34768K, committed 35072K, reserved 1079296K
  class space    used 4223K, capacity 4299K, committed 4352K, reserved 1048576K
Event: 21.205 GC heap after
Heap after GC invocations=16 (full 1):
 PSYoungGen      total 125952K, used 9374K [0x00000000eb700000, 0x00000000f3b80000, 0x0000000100000000)
  eden space 116224K, 0% used [0x00000000eb700000,0x00000000eb700000,0x00000000f2880000)
  from space 9728K, 96% used [0x00000000f2880000,0x00000000f31a7b58,0x00000000f3200000)
  to   space 9216K, 0% used [0x00000000f3280000,0x00000000f3280000,0x00000000f3b80000)
 ParOldGen       total 33280K, used 25851K [0x00000000c2400000, 0x00000000c4480000, 0x00000000eb700000)
  object space 33280K, 77% used [0x00000000c2400000,0x00000000c3d3ee08,0x00000000c4480000)
 Metaspace       used 34389K, capacity 34768K, committed 35072K, reserved 1079296K
  class space    used 4223K, capacity 4299K, committed 4352K, reserved 1048576K
}

Deoptimization events (10 events):
Event: 17.524 Thread 0x000000001bf71800 Uncommon trap: reason=unstable_if action=reinterpret pc=0x0000000005e4d70c method=org.aspectj.weaver.TypeFactory.createTypeFromSignature(Ljava/lang/String;)Lorg/aspectj/weaver/UnresolvedType; @ 523
Event: 17.528 Thread 0x000000001bf71800 Uncommon trap: reason=unstable_if action=reinterpret pc=0x00000000055faa88 method=org.aspectj.apache.bcel.classfile.ConstantPool.<init>(Ljava/io/DataInputStream;)V @ 84
Event: 18.161 Thread 0x000000001bf71800 Uncommon trap: reason=null_check action=make_not_entrant pc=0x0000000005ebe4d8 method=org.springframework.util.ClassUtils.isAssignable(Ljava/lang/Class;Ljava/lang/Class;)Z @ 14
Event: 18.661 Thread 0x000000001bf71800 Uncommon trap: reason=unloaded action=reinterpret pc=0x000000000601f0f8 method=org.aspectj.apache.bcel.classfile.Attribute.readAttribute(Ljava/io/DataInputStream;Lorg/aspectj/apache/bcel/classfile/ConstantPool;)Lorg/aspectj/apache/bcel/classfile/Attribute
Event: 19.280 Thread 0x000000001bf71800 Uncommon trap: reason=class_check action=maybe_recompile pc=0x0000000005954af8 method=org.aspectj.weaver.World.resolve(Lorg/aspectj/weaver/UnresolvedType;Z)Lorg/aspectj/weaver/ResolvedType; @ 8
Event: 19.280 Thread 0x000000001bf71800 Uncommon trap: reason=unstable_if action=reinterpret pc=0x00000000059542a0 method=org.aspectj.weaver.World.resolve(Lorg/aspectj/weaver/UnresolvedType;Z)Lorg/aspectj/weaver/ResolvedType; @ 249
Event: 20.197 Thread 0x0000000005285800 Uncommon trap: reason=bimorphic action=maybe_recompile pc=0x00000000056ad670 method=java.util.Hashtable.get(Ljava/lang/Object;)Ljava/lang/Object; @ 6
Event: 20.197 Thread 0x0000000005285800 Uncommon trap: reason=bimorphic action=maybe_recompile pc=0x00000000056ad670 method=java.util.Hashtable.get(Ljava/lang/Object;)Ljava/lang/Object; @ 6
Event: 21.790 Thread 0x0000000005285800 Uncommon trap: reason=class_check action=maybe_recompile pc=0x0000000005f75274 method=org.springframework.beans.factory.support.AbstractBeanFactory.isTypeMatch(Ljava/lang/String;Lorg/springframework/core/ResolvableType;)Z @ 37
Event: 21.792 Thread 0x0000000005285800 Uncommon trap: reason=class_check action=maybe_recompile pc=0x0000000005f75274 method=org.springframework.beans.factory.support.AbstractBeanFactory.isTypeMatch(Ljava/lang/String;Lorg/springframework/core/ResolvableType;)Z @ 37

Internal exceptions (10 events):
Event: 21.220 Thread 0x0000000005285800 Exception <a 'java/lang/ClassNotFoundException': org/springframework/context/annotation/ConfigurationClassEnhancer$EnhancedConfigurationCustomizer> (0x00000000eba79be0) thrown at [C:\re\workspace\8-2-build-windows-amd64-cygwin\jdk8u151\9699\hotspot\src\sh
Event: 21.343 Thread 0x0000000005285800 Exception <a 'java/lang/ClassNotFoundException': java/lang/ObjectCustomizer> (0x00000000ec0d27c8) thrown at [C:\re\workspace\8-2-build-windows-amd64-cygwin\jdk8u151\9699\hotspot\src\share\vm\classfile\systemDictionary.cpp, line 210]
Event: 21.344 Thread 0x0000000005285800 Exception <a 'java/lang/ClassNotFoundException': org/springframework/cloud/netflix/eureka/serviceregistry/EurekaServiceRegistryCustomizer> (0x00000000ec0fdfa8) thrown at [C:\re\workspace\8-2-build-windows-amd64-cygwin\jdk8u151\9699\hotspot\src\share\vm\cl
Event: 21.345 Thread 0x0000000005285800 Exception <a 'java/lang/ClassNotFoundException': org/springframework/cloud/client/serviceregistry/ServiceRegistryCustomizer> (0x00000000ec128f18) thrown at [C:\re\workspace\8-2-build-windows-amd64-cygwin\jdk8u151\9699\hotspot\src\share\vm\classfile\system
Event: 21.375 Thread 0x0000000005285800 Exception <a 'java/lang/ClassNotFoundException': java/lang/ObjectCustomizer> (0x00000000ec295388) thrown at [C:\re\workspace\8-2-build-windows-amd64-cygwin\jdk8u151\9699\hotspot\src\share\vm\classfile\systemDictionary.cpp, line 210]
Event: 21.375 Thread 0x0000000005285800 Exception <a 'java/lang/ClassNotFoundException': org/springframework/aop/framework/ProxyConfigCustomizer> (0x00000000ec2b5628) thrown at [C:\re\workspace\8-2-build-windows-amd64-cygwin\jdk8u151\9699\hotspot\src\share\vm\classfile\systemDictionary.cpp, lin
Event: 21.376 Thread 0x0000000005285800 Exception <a 'java/lang/ClassNotFoundException': org/springframework/aop/scope/ScopedProxyFactoryBeanCustomizer> (0x00000000ec2e1670) thrown at [C:\re\workspace\8-2-build-windows-amd64-cygwin\jdk8u151\9699\hotspot\src\share\vm\classfile\systemDictionary.c
Event: 21.378 Thread 0x0000000005285800 Exception <a 'java/lang/ClassNotFoundException': org/springframework/beans/factory/FactoryBeanCustomizer> (0x00000000ec30d750) thrown at [C:\re\workspace\8-2-build-windows-amd64-cygwin\jdk8u151\9699\hotspot\src\share\vm\classfile\systemDictionary.cpp, lin
Event: 21.379 Thread 0x0000000005285800 Exception <a 'java/lang/ClassNotFoundException': org/springframework/beans/factory/BeanFactoryAwareCustomizer> (0x00000000ec32ffe0) thrown at [C:\re\workspace\8-2-build-windows-amd64-cygwin\jdk8u151\9699\hotspot\src\share\vm\classfile\systemDictionary.cpp
Event: 21.381 Thread 0x0000000005285800 Exception <a 'java/lang/ClassNotFoundException': java/io/SerializableCustomizer> (0x00000000ec33b8e8) thrown at [C:\re\workspace\8-2-build-windows-amd64-cygwin\jdk8u151\9699\hotspot\src\share\vm\classfile\systemDictionary.cpp, line 210]

Events (10 events):
Event: 21.790 Thread 0x0000000005285800 DEOPT UNPACKING pc=0x00000000053c582a sp=0x000000000527ced0 mode 2
Event: 21.792 Thread 0x0000000005285800 Uncommon trap: trap_request=0xffffffde fr.pc=0x0000000005f75274
Event: 21.792 Thread 0x0000000005285800 DEOPT PACKING pc=0x0000000005f75274 sp=0x000000000527c400
Event: 21.792 Thread 0x0000000005285800 DEOPT UNPACKING pc=0x00000000053c582a sp=0x000000000527c3e0 mode 2
Event: 21.798 loading class com/netflix/appinfo/DataCenterInfo
Event: 21.798 loading class com/netflix/appinfo/DataCenterInfo done
Event: 21.839 loading class com/netflix/appinfo/MyDataCenterInfo
Event: 21.839 loading class com/netflix/appinfo/MyDataCenterInfo done
Event: 21.841 loading class com/netflix/appinfo/DataCenterInfo$Name
Event: 21.841 loading class com/netflix/appinfo/DataCenterInfo$Name done


Dynamic libraries:
0x00007ff7f3ce0000 - 0x00007ff7f3d17000 	C:\software\jdk\bin\javaw.exe
0x00007ffbe4950000 - 0x00007ffbe4b30000 	C:\WINDOWS\SYSTEM32\ntdll.dll
0x00007ffbe2160000 - 0x00007ffbe220e000 	C:\WINDOWS\System32\KERNEL32.DLL
0x00007ffbe1880000 - 0x00007ffbe1ae6000 	C:\WINDOWS\System32\KERNELBASE.dll
0x00007ffbe2af0000 - 0x00007ffbe2b91000 	C:\WINDOWS\System32\ADVAPI32.dll
0x00007ffbe28f0000 - 0x00007ffbe298d000 	C:\WINDOWS\System32\msvcrt.dll
0x00007ffbe44e0000 - 0x00007ffbe453b000 	C:\WINDOWS\System32\sechost.dll
0x00007ffbe4650000 - 0x00007ffbe476f000 	C:\WINDOWS\System32\RPCRT4.dll
0x00007ffbe2f10000 - 0x00007ffbe309f000 	C:\WINDOWS\System32\USER32.dll
0x00007ffbe0d50000 - 0x00007ffbe0d70000 	C:\WINDOWS\System32\win32u.dll
0x00007ffbe48f0000 - 0x00007ffbe4918000 	C:\WINDOWS\System32\GDI32.dll
0x00007ffbe1690000 - 0x00007ffbe1823000 	C:\WINDOWS\System32\gdi32full.dll
0x00007ffbe1af0000 - 0x00007ffbe1b8b000 	C:\WINDOWS\System32\msvcp_win.dll
0x00007ffbe1c40000 - 0x00007ffbe1d36000 	C:\WINDOWS\System32\ucrtbase.dll
0x00007ffbd17a0000 - 0x00007ffbd1a09000 	C:\WINDOWS\WinSxS\amd64_microsoft.windows.common-controls_6595b64144ccf1df_6.0.16299.125_none_15cbcf8893620c09\COMCTL32.dll
0x00007ffbe2c00000 - 0x00007ffbe2f08000 	C:\WINDOWS\System32\combase.dll
0x00007ffbe1da0000 - 0x00007ffbe1e12000 	C:\WINDOWS\System32\bcryptPrimitives.dll
0x00007ffbe27f0000 - 0x00007ffbe281d000 	C:\WINDOWS\System32\IMM32.DLL
0x000000006b670000 - 0x000000006b742000 	C:\software\jdk\jre\bin\msvcr100.dll
0x000000006add0000 - 0x000000006b66d000 	C:\software\jdk\jre\bin\server\jvm.dll
0x00007ffbe2990000 - 0x00007ffbe2998000 	C:\WINDOWS\System32\PSAPI.DLL
0x00007ffbda2c0000 - 0x00007ffbda2c9000 	C:\WINDOWS\SYSTEM32\WSOCK32.dll
0x00007ffbe45e0000 - 0x00007ffbe464c000 	C:\WINDOWS\System32\WS2_32.dll
0x00007ffbde490000 - 0x00007ffbde4b3000 	C:\WINDOWS\SYSTEM32\WINMM.dll
0x00007ffbd0310000 - 0x00007ffbd031a000 	C:\WINDOWS\SYSTEM32\VERSION.dll
0x00007ffbde310000 - 0x00007ffbde33a000 	C:\WINDOWS\SYSTEM32\WINMMBASE.dll
0x00007ffbe1830000 - 0x00007ffbe187a000 	C:\WINDOWS\System32\cfgmgr32.dll
0x000000006adc0000 - 0x000000006adcf000 	C:\software\jdk\jre\bin\verify.dll
0x000000006ad90000 - 0x000000006adb9000 	C:\software\jdk\jre\bin\java.dll
0x000000006ad70000 - 0x000000006ad86000 	C:\software\jdk\jre\bin\zip.dll
0x00007ffbe30a0000 - 0x00007ffbe44d6000 	C:\WINDOWS\System32\SHELL32.dll
0x00007ffbe1e30000 - 0x00007ffbe1ed6000 	C:\WINDOWS\System32\shcore.dll
0x00007ffbe0d70000 - 0x00007ffbe14b7000 	C:\WINDOWS\System32\windows.storage.dll
0x00007ffbe1ee0000 - 0x00007ffbe1f31000 	C:\WINDOWS\System32\shlwapi.dll
0x00007ffbe0ca0000 - 0x00007ffbe0cb1000 	C:\WINDOWS\System32\kernel.appcore.dll
0x00007ffbe0ce0000 - 0x00007ffbe0d2c000 	C:\WINDOWS\System32\powrprof.dll
0x00007ffbe0d30000 - 0x00007ffbe0d4b000 	C:\WINDOWS\System32\profapi.dll
0x000000006ad50000 - 0x000000006ad6a000 	C:\software\jdk\jre\bin\net.dll
0x00007ffbe04d0000 - 0x00007ffbe0536000 	C:\WINDOWS\system32\mswsock.dll
0x00007ffbe0260000 - 0x00007ffbe0299000 	C:\WINDOWS\SYSTEM32\IPHLPAPI.DLL
0x00007ffbe4880000 - 0x00007ffbe4888000 	C:\WINDOWS\System32\NSI.dll
0x00007ffbd8e50000 - 0x00007ffbd8e66000 	C:\WINDOWS\SYSTEM32\dhcpcsvc6.DLL
0x00007ffbd8e30000 - 0x00007ffbd8e4a000 	C:\WINDOWS\SYSTEM32\dhcpcsvc.DLL
0x00007ffbe02a0000 - 0x00007ffbe0356000 	C:\WINDOWS\SYSTEM32\DNSAPI.dll
0x000000006ad40000 - 0x000000006ad4d000 	C:\software\jdk\jre\bin\management.dll
0x00007ffbc2720000 - 0x00007ffbc2736000 	C:\WINDOWS\system32\napinsp.dll
0x00007ffbc2700000 - 0x00007ffbc271a000 	C:\WINDOWS\system32\pnrpnsp.dll
0x00007ffbdd340000 - 0x00007ffbdd358000 	C:\WINDOWS\system32\NLAapi.dll
0x00007ffbc26f0000 - 0x00007ffbc26fe000 	C:\WINDOWS\System32\winrnr.dll
0x00007ffbda170000 - 0x00007ffbda185000 	C:\WINDOWS\System32\wshbth.dll
0x00007ffbd4650000 - 0x00007ffbd465a000 	C:\Windows\System32\rasadhlp.dll
0x00007ffbd88e0000 - 0x00007ffbd8950000 	C:\WINDOWS\System32\fwpuclnt.dll
0x00007ffbe07a0000 - 0x00007ffbe07c5000 	C:\WINDOWS\SYSTEM32\bcrypt.dll
0x000000006ad20000 - 0x000000006ad31000 	C:\software\jdk\jre\bin\nio.dll
0x00007ffbe0690000 - 0x00007ffbe06a7000 	C:\WINDOWS\SYSTEM32\CRYPTSP.dll
0x00007ffbe00e0000 - 0x00007ffbe0113000 	C:\WINDOWS\system32\rsaenh.dll
0x00007ffbe0bd0000 - 0x00007ffbe0bf9000 	C:\WINDOWS\SYSTEM32\USERENV.dll
0x00007ffbe06b0000 - 0x00007ffbe06bb000 	C:\WINDOWS\SYSTEM32\CRYPTBASE.dll

VM Arguments:
jvm_args: -Dfile.encoding=UTF-8 
java_command: hello.TraceApplication
java_class_path (initial): C:\software\jdk\jre\lib\resources.jar;C:\software\jdk\jre\lib\rt.jar;C:\software\jdk\jre\lib\jsse.jar;C:\software\jdk\jre\lib\jce.jar;C:\software\jdk\jre\lib\charsets.jar;C:\software\jdk\jre\lib\jfr.jar;C:\software\jdk\jre\lib\ext\access-bridge-64.jar;C:\software\jdk\jre\lib\ext\cldrdata.jar;C:\software\jdk\jre\lib\ext\dnsns.jar;C:\software\jdk\jre\lib\ext\jaccess.jar;C:\software\jdk\jre\lib\ext\jfxrt.jar;C:\software\jdk\jre\lib\ext\localedata.jar;C:\software\jdk\jre\lib\ext\nashorn.jar;C:\software\jdk\jre\lib\ext\sunec.jar;C:\software\jdk\jre\lib\ext\sunjce_provider.jar;C:\software\jdk\jre\lib\ext\sunmscapi.jar;C:\software\jdk\jre\lib\ext\sunpkcs11.jar;C:\software\jdk\jre\lib\ext\zipfs.jar;F:\SpringCloudLearning\trace-1\target\classes;C:\Users\acme\.m2\repository\org\springframework\boot\spring-boot-starter-web\1.5.6.RELEASE\spring-boot-starter-web-1.5.6.RELEASE.jar;C:\Users\acme\.m2\repository\org\springframework\boot\spring-boot-starter\1.5.6.RELEASE\spring-boot-starter-1.5.6.RELEASE.jar;C:\Users\acme\.m2\repository\org\springframework\boot\spring-boot\1.5.6.RELEASE\spring-boot-1.5.6.RELEASE.jar;C:\Users\acme\.m2\repository\org\springframework\boot\spring-boot-autoconfigure\1.5.6.RELEASE\spring-boot-autoconfigure-1.5.6.RELEASE.jar;C:\Users\acme\.m2\repository\org\springframework\boot\spring-boot-starter-logging\1.5.6.RELEASE\spring-boot-starter-logging-1.5.6.RELEASE.jar;C:\Users\acme\.m2\repository\ch\qos\logback\logback-classic\1.1.11\logback-classic-1.1.11.jar;C:\Users\acme\.m2\repository\org\slf4j\jcl-over-slf4j\1.7.25\jcl-over-slf4j-1.7.25.jar;C:\Users\acme\.m2\repository\org\slf4j\jul-to-slf4j\1.7.25\jul-to-slf4j-1.7.25.jar;C:\Users\acme\.m2\repository\org\slf4j\log4j-over-slf4j\1.7.25\log4j-over-slf4j-1.7.25.jar;C:\Users\acme\.m2\repository\org\springframework\spring-core\4.3.10.RELEASE\spring-core-4.3.10.RELEASE.jar;C:\Users\acme\.m2\repository\org\yaml\snakeyaml\1.17\snakeyaml-1.17.jar;C:\Users\acme\.m2\repository\org\springfr
Launcher Type: SUN_STANDARD

Environment Variables:
JAVA_HOME=C:\software\jdk
PATH=C:/software/jre/bin/server;C:/software/jre/bin;C:/software/jre/lib/amd64;C:\Program Files\Docker\Docker\Resources\bin;C:\ProgramData\Oracle\Java\javapath;C:\WINDOWS\system32;C:\WINDOWS;C:\WINDOWS\System32\Wbem;C:\WINDOWS\System32\WindowsPowerShell\v1.0\;C:\software\jdk\bin;C:\software\jdk\jre\bin;C:\software\ultraEdit;C:\software\spring-1.3.0.RELEASE\bin;C:\software\Git\cmd;C:\software\apache-maven-3.5.2\bin;C:\software\BandZip\;C:\Users\acme\AppData\Local\Microsoft\WindowsApps;C:\Users\acme\AppData\Local\GitHubDesktop\bin;C:\software\eclipse;
USERNAME=acme
OS=Windows_NT
PROCESSOR_IDENTIFIER=Intel64 Family 6 Model 78 Stepping 3, GenuineIntel



---------------  S Y S T E M  ---------------

OS: Windows 10.0 , 64 bit Build 16299 (10.0.16299.15)

CPU:total 4 (initial active 4) (2 cores per cpu, 2 threads per core) family 6 model 78 stepping 3, cmov, cx8, fxsr, mmx, sse, sse2, sse3, ssse3, sse4.1, sse4.2, popcnt, avx, avx2, aes, clmul, erms, rtm, 3dnowpref, lzcnt, ht, tsc, tscinvbit, bmi1, bmi2, adx

Memory: 4k page, physical 4046432k(214248k free), swap 12459196k(3824k free)

vm_info: Java HotSpot(TM) 64-Bit Server VM (25.151-b12) for windows-amd64 JRE (1.8.0_151-b12), built on Sep  5 2017 19:33:46 by "java_re" with MS VC++ 10.0 (VS2010)

time: Mon Jan 22 14:29:09 2018
elapsed time: 21 seconds (0d 0h 0m 21s)

